2018-02-12 15:20 root         DEBUG   
vocabulary = monotonically
2018-02-12 15:20 root         DEBUG   
meaning = 單調地
2018-02-12 15:20 root         DEBUG   
meaning = 
2018-02-12 15:20 root         DEBUG   
meaning = 
2018-02-12 15:24 root         DEBUG   
vocabulary = undulation
2018-02-12 15:24 root         DEBUG   
meaning = （水面等的）波動；小浪
2018-02-12 15:24 root         DEBUG   
meaning = 
2018-02-12 15:24 root         DEBUG   
meaning = 
2018-02-13 14:44 root         DEBUG   
vocabulary = intractable
2018-02-13 14:44 root         DEBUG   
meaning = 不聽話的；倔強的
2018-02-13 14:44 root         DEBUG   
meaning = 
2018-02-13 14:44 root         DEBUG   
meaning = 
2018-02-13 14:44 root         DEBUG   
vocabulary = 
2018-02-13 14:44 root         DEBUG   
meaning = 
2018-02-13 14:44 root         DEBUG   
meaning = 
2018-02-13 14:44 root         DEBUG   
meaning = 
2018-02-13 14:44 root         INFO    
merge the voca_info
